<?xml version="1.0" encoding="UTF-8"?>
<!-- Generated by org.testng.reporters.JUnitXMLReporter -->
<testsuite ignored="1" hostname="Nitins-MacBook-Pro.local" failures="0" tests="1" name="Default test" time="0.796" errors="0" timestamp="2025-11-27T22:29:46 IST">
  <testcase classname="ExcelFileScenarios.ReadDataFromExcelFile" name="getCompletedDataFromFile" time="0.026"/>
  <testcase classname="ExcelFileScenarios.ReadDataFromExcelFile" name="getDataFromExcelFile" time="0.0">
    <ignored/>
  </testcase> <!-- getDataFromExcelFile -->
</testsuite> <!-- Default test -->
