<?xml version="1.0" encoding="UTF-8"?>
<!-- Generated by org.testng.reporters.JUnitXMLReporter -->
<testsuite ignored="1" hostname="Nitins-MacBook-Pro.local" failures="0" tests="2" name="Default test" time="5.642" errors="0" timestamp="2026-01-21T22:29:06 IST">
  <testcase classname="api_testcases.teleComProject" name="AddNewUser" time="4.415"/>
  <testcase classname="api_testcases.teleComProject" name="deleteContact" time="1.157"/>
  <testcase classname="api_testcases.teleComProject" name="getProfile" time="0.0">
    <ignored/>
  </testcase> <!-- getProfile -->
</testsuite> <!-- Default test -->
