<?xml version="1.0" encoding="UTF-8"?>
<!-- Generated by org.testng.reporters.JUnitReportReporter -->
<testsuite hostname="Nitins-MacBook-Pro.local" failures="0" tests="2" name="api_testcases.teleComProject" time="5.572" errors="0" timestamp="2026-01-21T22:29:07 IST" skipped="0">
  <testcase classname="api_testcases.teleComProject" name="deleteContact" time="1.157"/>
  <system-out/>
  <testcase classname="api_testcases.teleComProject" name="AddNewUser" time="4.415"/>
  <system-out/>
</testsuite> <!-- api_testcases.teleComProject -->
