<?xml version="1.0" encoding="UTF-8"?>
<testng-results ignored="0" total="1" passed="1" failed="0" skipped="0">
  <reporter-output>
  </reporter-output>
  <suite started-at="2025-11-28T22:32:17 IST" name="Default suite" finished-at="2025-11-28T22:32:30 IST" duration-ms="12512">
    <groups>
    </groups>
    <test started-at="2025-11-28T22:32:17 IST" name="Default test" finished-at="2025-11-28T22:32:30 IST" duration-ms="12512">
      <class name="testcases.logintestcases">
        <test-method signature="testLoginWithValidData()[pri:0, instance:testcases.logintestcases@77fbd92c]" started-at="2025-11-28T22:32:17 IST" name="testLoginWithValidData" finished-at="2025-11-28T22:32:30 IST" duration-ms="12454" status="PASS">
          <reporter-output>
          </reporter-output>
        </test-method> <!-- testLoginWithValidData -->
      </class> <!-- testcases.logintestcases -->
    </test> <!-- Default test -->
  </suite> <!-- Default suite -->
</testng-results>
