<?xml version="1.0" encoding="UTF-8"?>
<testng-results ignored="0" total="1" passed="1" failed="0" skipped="0">
  <reporter-output>
  </reporter-output>
  <suite started-at="2026-03-13T19:29:51 IST" name="Default suite" finished-at="2026-03-13T19:30:06 IST" duration-ms="14490">
    <groups>
    </groups>
    <test started-at="2026-03-13T19:29:51 IST" name="Default test" finished-at="2026-03-13T19:30:06 IST" duration-ms="14490">
      <class name="testcases.logintestcases">
        <test-method signature="testLoginWithValidData()[pri:0, instance:testcases.logintestcases@1bd4fdd]" started-at="2026-03-13T19:29:52 IST" name="testLoginWithValidData" finished-at="2026-03-13T19:30:06 IST" duration-ms="14446" status="PASS">
          <reporter-output>
          </reporter-output>
        </test-method> <!-- testLoginWithValidData -->
      </class> <!-- testcases.logintestcases -->
    </test> <!-- Default test -->
  </suite> <!-- Default suite -->
</testng-results>
