<?xml version="1.0" encoding="UTF-8"?>
<!-- Generated by org.testng.reporters.JUnitReportReporter -->
<testsuite hostname="Nitins-MacBook-Pro.local" failures="0" tests="6" name="ExcelFileScenarios.CreateLoginDataThenWriteIntoFile" time="0.102" errors="0" timestamp="2025-11-27T21:51:58 IST" skipped="0">
  <testcase classname="ExcelFileScenarios.CreateLoginDataThenWriteIntoFile" name="getData" time="0.006"/>
  <testcase classname="ExcelFileScenarios.CreateLoginDataThenWriteIntoFile" name="getData" time="0.003"/>
  <testcase classname="ExcelFileScenarios.CreateLoginDataThenWriteIntoFile" name="getData" time="0.071"/>
  <testcase classname="ExcelFileScenarios.CreateLoginDataThenWriteIntoFile" name="getData" time="0.006"/>
  <testcase classname="ExcelFileScenarios.CreateLoginDataThenWriteIntoFile" name="getData" time="0.007"/>
  <testcase classname="ExcelFileScenarios.CreateLoginDataThenWriteIntoFile" name="getData" time="0.009"/>
</testsuite> <!-- ExcelFileScenarios.CreateLoginDataThenWriteIntoFile -->
