<?xml version="1.0" encoding="UTF-8"?>
<!-- Generated by org.testng.reporters.JUnitReportReporter -->
<testsuite hostname="Nitins-MacBook-Pro.local" failures="0" tests="2" name="seleniumwithmaven.LearnAnotations" time="0.021" errors="0" timestamp="2025-11-26T22:21:27 IST" skipped="0">
  <testcase classname="seleniumwithmaven.LearnAnotations" name="TestA" time="0.014"/>
  <testcase classname="seleniumwithmaven.LearnAnotations" name="TestB" time="0.007"/>
</testsuite> <!-- seleniumwithmaven.LearnAnotations -->
