<?xml version="1.0" encoding="UTF-8"?>
<!-- Generated by org.testng.reporters.JUnitXMLReporter -->
<testsuite ignored="0" hostname="Nitins-MacBook-Pro.local" failures="0" tests="4" name="MyFirstTest" time="77.424" errors="0" timestamp="2025-11-26T20:33:08 IST">
  <testcase classname="testNG_Demos.TNG_11_Parallel_Execution" name="testFacebook" time="31.839"/>
  <testcase classname="testNG_Demos.TNG_11_Parallel_Execution" name="testGoogle" time="35.656"/>
  <testcase classname="testNG_Demos.TNG_11_Parallel_Execution" name="testAmazon" time="42.875"/>
  <testcase classname="testNG_Demos.TNG_11_Parallel_Execution" name="testMyntra" time="77.309"/>
</testsuite> <!-- MyFirstTest -->
