<?xml version="1.0" encoding="UTF-8"?>
<!-- Generated by org.testng.reporters.JUnitXMLReporter -->
<testsuite ignored="2" hostname="Nitins-MacBook-Pro.local" failures="0" tests="2" name="MyFirstTest" time="120.834" errors="0" timestamp="2025-11-25T22:26:16 IST">
  <testcase classname="testNG_Demos.TNG10_groupingTestcases" name="sellLinkTest" time="55.695"/>
  <testcase classname="testNG_Demos.TNG10_groupingTestcases" name="mobilesLinkTest" time="31.708"/>
  <testcase classname="testNG_Demos.TNG10_groupingTestcases" name="bestsellersLinkTest" time="0.0">
    <ignored/>
  </testcase> <!-- bestsellersLinkTest -->
  <testcase classname="testNG_Demos.TNG10_groupingTestcases" name="electronicsLinkTest" time="0.0">
    <ignored/>
  </testcase> <!-- electronicsLinkTest -->
</testsuite> <!-- MyFirstTest -->
