<?xml version="1.0" encoding="UTF-8"?>
<testng-results ignored="0" total="3" passed="3" failed="0" skipped="0">
  <reporter-output>
  </reporter-output>
  <suite started-at="2026-01-21T16:24:06 IST" name="Default suite" finished-at="2026-01-21T16:24:16 IST" duration-ms="10048">
    <groups>
      <group name="functional">
        <method signature="flightAppTestcases.TC_02_searchFlights()[pri:2, instance:com.blazedemo.tests.flightAppTestcases@1aafa419]" name="TC_02_searchFlights" class="com.blazedemo.tests.flightAppTestcases"/>
        <method signature="flightAppTestcases.TC_03_SelectFlight()[pri:3, instance:com.blazedemo.tests.flightAppTestcases@1aafa419]" name="TC_03_SelectFlight" class="com.blazedemo.tests.flightAppTestcases"/>
      </group> <!-- functional -->
      <group name="smoke">
        <method signature="flightAppTestcases.TC_01_VerfiyHomePage()[pri:1, instance:com.blazedemo.tests.flightAppTestcases@1aafa419]" name="TC_01_VerfiyHomePage" class="com.blazedemo.tests.flightAppTestcases"/>
      </group> <!-- smoke -->
    </groups>
    <test started-at="2026-01-21T16:24:06 IST" name="Default test" finished-at="2026-01-21T16:24:16 IST" duration-ms="10048">
      <class name="com.blazedemo.tests.flightAppTestcases">
        <test-method is-config="true" signature="setUp()[pri:0, instance:com.blazedemo.tests.flightAppTestcases@1aafa419]" started-at="2026-01-21T16:24:06 IST" name="setUp" finished-at="2026-01-21T16:24:14 IST" duration-ms="7632" status="PASS">
          <reporter-output>
          </reporter-output>
        </test-method> <!-- setUp -->
        <test-method is-config="true" signature="initElement()[pri:0, instance:com.blazedemo.tests.flightAppTestcases@1aafa419]" started-at="2026-01-21T16:24:14 IST" name="initElement" finished-at="2026-01-21T16:24:14 IST" duration-ms="4" status="PASS">
          <reporter-output>
          </reporter-output>
        </test-method> <!-- initElement -->
        <test-method signature="TC_01_VerfiyHomePage()[pri:1, instance:com.blazedemo.tests.flightAppTestcases@1aafa419]" started-at="2026-01-21T16:24:14 IST" name="TC_01_VerfiyHomePage" finished-at="2026-01-21T16:24:14 IST" duration-ms="315" status="PASS">
          <reporter-output>
          </reporter-output>
        </test-method> <!-- TC_01_VerfiyHomePage -->
        <test-method signature="TC_02_searchFlights()[pri:2, instance:com.blazedemo.tests.flightAppTestcases@1aafa419]" started-at="2026-01-21T16:24:14 IST" name="TC_02_searchFlights" finished-at="2026-01-21T16:24:16 IST" duration-ms="1638" status="PASS">
          <reporter-output>
          </reporter-output>
        </test-method> <!-- TC_02_searchFlights -->
        <test-method signature="TC_03_SelectFlight()[pri:3, instance:com.blazedemo.tests.flightAppTestcases@1aafa419]" started-at="2026-01-21T16:24:16 IST" name="TC_03_SelectFlight" finished-at="2026-01-21T16:24:16 IST" duration-ms="323" status="PASS">
          <reporter-output>
          </reporter-output>
        </test-method> <!-- TC_03_SelectFlight -->
        <test-method is-config="true" signature="tearDown()[pri:0, instance:com.blazedemo.tests.flightAppTestcases@1aafa419]" started-at="2026-01-21T16:24:16 IST" name="tearDown" finished-at="2026-01-21T16:24:16 IST" duration-ms="95" status="PASS">
          <reporter-output>
          </reporter-output>
        </test-method> <!-- tearDown -->
      </class> <!-- com.blazedemo.tests.flightAppTestcases -->
    </test> <!-- Default test -->
  </suite> <!-- Default suite -->
</testng-results>
