<?xml version="1.0" encoding="UTF-8"?>
<!-- Generated by org.testng.reporters.JUnitReportReporter -->
<testsuite hostname="Nitins-MacBook-Pro.local" failures="0" tests="2" name="com.blazedemo.tests.flightAppTestcases" time="19.433" errors="0" timestamp="2026-01-20T21:57:54 IST" skipped="0">
  <testcase classname="com.blazedemo.tests.flightAppTestcases" name="TC_02_searchFlights" time="9.327"/>
  <testcase classname="com.blazedemo.tests.flightAppTestcases" name="TC_03_SelectFlight" time="10.106"/>
</testsuite> <!-- com.blazedemo.tests.flightAppTestcases -->
