<?xml version="1.0" encoding="UTF-8"?>
<!-- Generated by org.testng.reporters.JUnitReportReporter -->
<testsuite hostname="Nitins-MacBook-Pro.local" failures="0" tests="3" name="testNG_Demos.TNG_03_TestNG_method" time="0.023" errors="0" timestamp="2025-11-21T20:58:54 IST" skipped="3">
  <testcase classname="testNG_Demos.TNG_03_TestNG_method" name="searchMobile" time="0.023">
    <skipped/>
  </testcase> <!-- searchMobile -->
  <testcase classname="testNG_Demos.TNG_03_TestNG_method" name="selectMobileAddToCart" time="0.000">
    <skipped/>
  </testcase> <!-- selectMobileAddToCart -->
  <testcase classname="testNG_Demos.TNG_03_TestNG_method" name="checkoutMobile" time="0.000">
    <skipped/>
  </testcase> <!-- checkoutMobile -->
</testsuite> <!-- testNG_Demos.TNG_03_TestNG_method -->
