<?xml version="1.0" encoding="UTF-8"?>
<!-- Generated by org.testng.reporters.JUnitReportReporter -->
<testsuite hostname="Nitins-MacBook-Pro.local" failures="0" tests="4" name="testNG_Demos.TNG_08_DataProvider" time="0.026" errors="0" timestamp="2025-11-21T22:25:43 IST" skipped="0">
  <testcase classname="testNG_Demos.TNG_08_DataProvider" name="getData" time="0.002"/>
  <testcase classname="testNG_Demos.TNG_08_DataProvider" name="getData" time="0.016"/>
  <testcase classname="testNG_Demos.TNG_08_DataProvider" name="getData" time="0.002"/>
  <testcase classname="testNG_Demos.TNG_08_DataProvider" name="getData" time="0.006"/>
</testsuite> <!-- testNG_Demos.TNG_08_DataProvider -->
