<?xml version="1.0" encoding="UTF-8"?>
<!-- Generated by org.testng.reporters.JUnitReportReporter -->
<testsuite hostname="Nitins-MacBook-Pro.local" failures="0" tests="4" name="testNG_Demos.TNG_08_DataProvider" time="0.013" errors="0" timestamp="2025-11-25T22:02:21 IST" skipped="0">
  <testcase classname="testNG_Demos.TNG_08_DataProvider" name="getData" time="0.002"/>
  <testcase classname="testNG_Demos.TNG_08_DataProvider" name="getData" time="0.002"/>
  <testcase classname="testNG_Demos.TNG_08_DataProvider" name="getData" time="0.007"/>
  <testcase classname="testNG_Demos.TNG_08_DataProvider" name="getData" time="0.002"/>
</testsuite> <!-- testNG_Demos.TNG_08_DataProvider -->
