<?xml version="1.0" encoding="UTF-8"?>
<!-- Generated by org.testng.reporters.JUnitReportReporter -->
<testsuite hostname="Nitins-MacBook-Pro.local" failures="0" tests="3" name="testNG_Demos.TNG_FristScript" time="0.044" errors="0" timestamp="2025-11-20T21:56:48 IST" skipped="0">
  <testcase classname="testNG_Demos.TNG_FristScript" name="testC" time="0.002"/>
  <testcase classname="testNG_Demos.TNG_FristScript" name="testD" time="0.002"/>
  <testcase classname="testNG_Demos.TNG_FristScript" name="testB" time="0.040"/>
</testsuite> <!-- testNG_Demos.TNG_FristScript -->
