<?xml version="1.0" encoding="UTF-8"?>
<!-- Generated by org.testng.reporters.JUnitReportReporter -->
<testsuite hostname="Nitins-MacBook-Pro.local" failures="0" tests="2" name="testNG_Demos.TNG10_groupingTestcases" time="113.756" errors="0" timestamp="2025-11-25T22:26:16 IST" skipped="0">
  <testcase classname="testNG_Demos.TNG10_groupingTestcases" name="sellLinkTest" time="66.441"/>
  <testcase classname="testNG_Demos.TNG10_groupingTestcases" name="mobilesLinkTest" time="47.315"/>
</testsuite> <!-- testNG_Demos.TNG10_groupingTestcases -->
