<?xml version="1.0" encoding="UTF-8"?>
<!-- Generated by org.testng.reporters.JUnitReportReporter -->
<testsuite hostname="Nitins-MacBook-Pro.local" failures="0" tests="3" name="testNG_Demos.TNG_06_TestNG_Before_After_Method" time="72.664" errors="0" timestamp="2025-11-21T21:28:54 IST" skipped="0">
  <testcase classname="testNG_Demos.TNG_06_TestNG_Before_After_Method" name="googleTest" time="13.088"/>
  <testcase classname="testNG_Demos.TNG_06_TestNG_Before_After_Method" name="myntraTest" time="48.636"/>
  <testcase classname="testNG_Demos.TNG_06_TestNG_Before_After_Method" name="facebookTest" time="10.940"/>
</testsuite> <!-- testNG_Demos.TNG_06_TestNG_Before_After_Method -->
