<?xml version="1.0" encoding="UTF-8"?>
<!-- Generated by org.testng.reporters.JUnitReportReporter -->
<testsuite hostname="Nitins-MacBook-Pro.local" failures="0" tests="3" name="testNG_Demos.TNG_04_TestNGAnotations" time="70.427" errors="0" timestamp="2025-11-21T21:08:27 IST" skipped="0">
  <testcase classname="testNG_Demos.TNG_04_TestNGAnotations" name="facebookTest" time="12.512"/>
  <testcase classname="testNG_Demos.TNG_04_TestNGAnotations" name="googleTest" time="14.764"/>
  <testcase classname="testNG_Demos.TNG_04_TestNGAnotations" name="myntraTest" time="43.151"/>
</testsuite> <!-- testNG_Demos.TNG_04_TestNGAnotations -->
