<?xml version="1.0" encoding="UTF-8"?>
<!-- Generated by org.testng.reporters.JUnitReportReporter -->
<testsuite hostname="Nitins-MacBook-Pro.local" failures="0" tests="4" name="testNG_Demos.TNG_11_Parallel_Execution" time="187.679" errors="0" timestamp="2025-11-26T20:33:08 IST" skipped="0">
  <testcase classname="testNG_Demos.TNG_11_Parallel_Execution" name="testGoogle" time="35.656"/>
  <testcase classname="testNG_Demos.TNG_11_Parallel_Execution" name="testAmazon" time="42.875"/>
  <testcase classname="testNG_Demos.TNG_11_Parallel_Execution" name="testMyntra" time="77.309"/>
  <testcase classname="testNG_Demos.TNG_11_Parallel_Execution" name="testFacebook" time="31.839"/>
</testsuite> <!-- testNG_Demos.TNG_11_Parallel_Execution -->
