<?xml version="1.0" encoding="UTF-8"?>
<!-- Generated by org.testng.reporters.JUnitReportReporter -->
<testsuite hostname="Nitins-MacBook-Pro.local" failures="0" tests="3" name="testNG_Demos.TNG_05_TestNG_Before_After_Test" time="50.343" errors="0" timestamp="2025-11-21T21:20:11 IST" skipped="0">
  <testcase classname="testNG_Demos.TNG_05_TestNG_Before_After_Test" name="facebookTest" time="5.212"/>
  <testcase classname="testNG_Demos.TNG_05_TestNG_Before_After_Test" name="myntraTest" time="37.649"/>
  <testcase classname="testNG_Demos.TNG_05_TestNG_Before_After_Test" name="googleTest" time="7.482"/>
</testsuite> <!-- testNG_Demos.TNG_05_TestNG_Before_After_Test -->
