<?xml version="1.0" encoding="UTF-8"?>
<!-- Generated by org.testng.reporters.JUnitXMLReporter -->
<testsuite ignored="0" hostname="Nitins-MacBook-Pro.local" failures="0" tests="3" name="Default test" time="10.048" errors="0" timestamp="2026-01-21T16:24:16 IST">
  <testcase classname="com.blazedemo.tests.flightAppTestcases" name="TC_01_VerfiyHomePage" time="0.315"/>
  <testcase classname="com.blazedemo.tests.flightAppTestcases" name="TC_02_searchFlights" time="1.638"/>
  <testcase classname="com.blazedemo.tests.flightAppTestcases" name="TC_03_SelectFlight" time="0.323"/>
</testsuite> <!-- Default test -->
