<?xml version="1.0" encoding="UTF-8"?>
<!-- Generated by org.testng.reporters.JUnitXMLReporter -->
<testsuite ignored="0" hostname="Nitins-MacBook-Pro.local" failures="0" tests="2" name="Default test" time="19.492" errors="0" timestamp="2026-01-20T21:57:54 IST">
  <testcase classname="com.blazedemo.tests.flightAppTestcases" name="TC_02_searchFlights" time="1.937"/>
  <testcase classname="com.blazedemo.tests.flightAppTestcases" name="TC_03_SelectFlight" time="2.315"/>
</testsuite> <!-- Default test -->
