<?xml version="1.0" encoding="UTF-8"?>
<!-- Generated by org.testng.reporters.JUnitXMLReporter -->
<testsuite ignored="0" hostname="Nitins-MacBook-Pro.local" failures="0" tests="5" name="Default test" time="0.122" errors="0" timestamp="2025-11-20T22:07:07 IST">
  <testcase classname="testNG_Demos.TNG_02_Priority" name="setupBrowser" time="0.022"/>
  <testcase classname="testNG_Demos.TNG_02_Priority" name="closeBrowser" time="0.003"/>
  <testcase classname="testNG_Demos.TNG_02_Priority" name="doRegisteration" time="0.004"/>
  <testcase classname="testNG_Demos.TNG_02_Priority" name="doLogin" time="0.002"/>
  <testcase classname="testNG_Demos.TNG_02_Priority" name="setupAppURL" time="0.001"/>
</testsuite> <!-- Default test -->
