<?xml version="1.0" encoding="UTF-8"?>
<!-- Generated by org.testng.reporters.JUnitXMLReporter -->
<testsuite ignored="0" hostname="Nitins-MacBook-Pro.local" failures="0" tests="4" name="Default test" time="49.766" errors="0" timestamp="2025-11-21T22:31:22 IST">
  <testcase classname="testNG_Demos.TNG_dataProviderDemo" name="loginApplicationWithValidData" time="14.017"/>
  <testcase classname="testNG_Demos.TNG_dataProviderDemo" name="loginApplicationWithValidData" time="12.264"/>
  <testcase classname="testNG_Demos.TNG_dataProviderDemo" name="loginApplicationWithValidData" time="11.685"/>
  <testcase classname="testNG_Demos.TNG_dataProviderDemo" name="loginApplicationWithValidData" time="11.701"/>
</testsuite> <!-- Default test -->
