<?xml version="1.0" encoding="UTF-8"?>
<testng-results ignored="0" total="2" passed="2" failed="0" skipped="0">
  <reporter-output>
  </reporter-output>
  <suite started-at="2025-11-25T22:24:15 IST" name="MyTestSuite" finished-at="2025-11-25T22:26:15 IST" duration-ms="120834">
    <groups>
      <group name="Sell">
        <method signature="TNG10_groupingTestcases.sellLinkTest()[pri:1, instance:testNG_Demos.TNG10_groupingTestcases@3835c46]" name="sellLinkTest" class="testNG_Demos.TNG10_groupingTestcases"/>
        <method signature="TNG10_groupingTestcases.mobilesLinkTest()[pri:2, instance:testNG_Demos.TNG10_groupingTestcases@3835c46]" name="mobilesLinkTest" class="testNG_Demos.TNG10_groupingTestcases"/>
      </group> <!-- Sell -->
    </groups>
    <test started-at="2025-11-25T22:24:15 IST" name="MyFirstTest" finished-at="2025-11-25T22:26:15 IST" duration-ms="120834">
      <class name="testNG_Demos.TNG10_groupingTestcases">
        <test-method is-config="true" signature="setupBrowser()[pri:0, instance:testNG_Demos.TNG10_groupingTestcases@3835c46]" started-at="2025-11-25T22:24:15 IST" name="setupBrowser" finished-at="2025-11-25T22:24:21 IST" duration-ms="6401" status="PASS">
          <reporter-output>
          </reporter-output>
        </test-method> <!-- setupBrowser -->
        <test-method is-config="true" signature="setUpURl()[pri:0, instance:testNG_Demos.TNG10_groupingTestcases@3835c46]" started-at="2025-11-25T22:24:21 IST" name="setUpURl" finished-at="2025-11-25T22:24:32 IST" duration-ms="10746" status="PASS">
          <reporter-output>
          </reporter-output>
        </test-method> <!-- setUpURl -->
        <test-method signature="sellLinkTest()[pri:1, instance:testNG_Demos.TNG10_groupingTestcases@3835c46]" started-at="2025-11-25T22:24:32 IST" name="sellLinkTest" finished-at="2025-11-25T22:25:28 IST" duration-ms="55695" status="PASS">
          <reporter-output>
          </reporter-output>
        </test-method> <!-- sellLinkTest -->
        <test-method is-config="true" signature="setUpURl()[pri:0, instance:testNG_Demos.TNG10_groupingTestcases@3835c46]" started-at="2025-11-25T22:25:28 IST" name="setUpURl" finished-at="2025-11-25T22:25:43 IST" duration-ms="15607" status="PASS">
          <reporter-output>
          </reporter-output>
        </test-method> <!-- setUpURl -->
        <test-method signature="mobilesLinkTest()[pri:2, instance:testNG_Demos.TNG10_groupingTestcases@3835c46]" started-at="2025-11-25T22:25:43 IST" name="mobilesLinkTest" finished-at="2025-11-25T22:26:15 IST" duration-ms="31708" status="PASS">
          <reporter-output>
          </reporter-output>
        </test-method> <!-- mobilesLinkTest -->
        <test-method is-config="true" signature="closeBrowser()[pri:0, instance:testNG_Demos.TNG10_groupingTestcases@3835c46]" started-at="2025-11-25T22:26:15 IST" name="closeBrowser" finished-at="2025-11-25T22:26:15 IST" duration-ms="631" status="PASS">
          <reporter-output>
          </reporter-output>
        </test-method> <!-- closeBrowser -->
      </class> <!-- testNG_Demos.TNG10_groupingTestcases -->
    </test> <!-- MyFirstTest -->
  </suite> <!-- MyTestSuite -->
</testng-results>
