<?xml version="1.0" encoding="UTF-8"?>
<testng-results ignored="0" total="1" passed="1" failed="0" skipped="0">
  <reporter-output>
  </reporter-output>
  <suite started-at="2025-12-05T22:21:09 IST" name="Default suite" finished-at="2025-12-05T22:21:25 IST" duration-ms="15516">
    <groups>
    </groups>
    <test started-at="2025-12-05T22:21:09 IST" name="Default test" finished-at="2025-12-05T22:21:25 IST" duration-ms="15516">
      <class name="testcases.logintestcases">
        <test-method is-config="true" signature="setUp()[pri:0, instance:testcases.logintestcases@5e3f861]" started-at="2025-12-05T22:21:09 IST" name="setUp" finished-at="2025-12-05T22:21:20 IST" duration-ms="10692" status="PASS">
          <reporter-output>
          </reporter-output>
        </test-method> <!-- setUp -->
        <test-method signature="verifyLogin()[pri:0, instance:testcases.logintestcases@5e3f861]" started-at="2025-12-05T22:21:20 IST" name="verifyLogin" finished-at="2025-12-05T22:21:25 IST" duration-ms="4673" status="PASS">
          <reporter-output>
          </reporter-output>
        </test-method> <!-- verifyLogin -->
        <test-method is-config="true" signature="ObjectClose(org.testng.ITestResult)[pri:0, instance:testcases.logintestcases@5e3f861]" started-at="2025-12-05T22:21:25 IST" name="ObjectClose" finished-at="2025-12-05T22:21:25 IST" duration-ms="106" status="PASS">
          <params>
            <param index="0">
              <value>
                <![CDATA[[TestResult name=verifyLogin status=SUCCESS method=logintestcases.verifyLogin()[pri:0, instance:testcases.logintestcases@5e3f861] output={null}]]]>
              </value>
            </param>
          </params>
          <reporter-output>
          </reporter-output>
        </test-method> <!-- ObjectClose -->
        <test-method is-config="true" signature="reportClose()[pri:0, instance:testcases.logintestcases@5e3f861]" started-at="2025-12-05T22:21:25 IST" name="reportClose" finished-at="2025-12-05T22:21:25 IST" duration-ms="548" status="PASS">
          <reporter-output>
          </reporter-output>
        </test-method> <!-- reportClose -->
      </class> <!-- testcases.logintestcases -->
    </test> <!-- Default test -->
  </suite> <!-- Default suite -->
</testng-results>
